<?xml version="1.0" encoding="UTF-8"?>
<testsuite xmlns:xsi="http://www.w3.org/2001/XMLSchema-instance" xsi:noNamespaceSchemaLocation="https://maven.apache.org/surefire/maven-surefire-plugin/xsd/surefire-test-report.xsd" version="3.0.2" name="com.pi4j.spring.boot.ContextTest" time="13.337" tests="2" errors="0" skipped="0" failures="1">
  <properties>
[...]
</properties>
  <testcase name="contextLoads" classname="com.pi4j.spring.boot.ContextTest" time="5.451">
    <system-out><![CDATA[
  .   ____          _            __ _ _
 /\\ / ___'_ __ _ _(_)_ __  __ _ \ \ \ \
( ( )\___ | '_ | '_| | '_ \/ _` | \ \ \ \
 \\/  ___)| |_)| | | | | || (_| |  ) ) ) )
  '  |____| .__|_| |_|_| |_\__, | / / / /
 =========|_|==============|___/=/_/_/_/

 :: Spring Boot ::                (v3.4.4)

2025-04-17T15:18:55.751+02:00  INFO 117293 --- [           main] com.pi4j.spring.boot.ContextTest         : Starting ContextTest using Java 21 with PID 117293 (started by pi in /home/pi/ProjetKubiiSpringboot/pi4j-springboot-1704-02/pi4j-spring-boot)
2025-04-17T15:18:55.767+02:00  INFO 117293 --- [           main] com.pi4j.spring.boot.ContextTest         : No active profile set, falling back to 1 default profile: "default"
2025-04-17T15:18:57.800+02:00  INFO 117293 --- [           main] com.pi4j.Pi4J                            : New auto context
2025-04-17T15:18:57.801+02:00  INFO 117293 --- [           main] com.pi4j.Pi4J                            : New context builder
2025-04-17T15:18:57.813+02:00  INFO 117293 --- [           main] c.pi4j.boardinfo.util.BoardInfoHelper    : Detected OS: Name: Linux, version: 6.12.20+rpt-rpi-v8, architecture: aarch64
2025-04-17T15:18:57.823+02:00  INFO 117293 --- [           main] c.pi4j.boardinfo.util.BoardInfoHelper    : Detected Java: Version: 21, runtime: 21+35-LTS, vendor: Eclipse Adoptium, vendor version: Temurin-21+35
2025-04-17T15:18:57.867+02:00  INFO 117293 --- [           main] c.pi4j.boardinfo.util.BoardInfoHelper    : Detected board type MODEL_4_B by code: d03114
2025-04-17T15:18:58.313+02:00  INFO 117293 --- [           main] com.pi4j.context.impl.DefaultContext     : Detected board model: Raspberry Pi 4 Model B
2025-04-17T15:18:58.314+02:00  INFO 117293 --- [           main] com.pi4j.context.impl.DefaultContext     : Running on: Name: Linux, version: 6.12.20+rpt-rpi-v8, architecture: aarch64
2025-04-17T15:18:58.316+02:00  INFO 117293 --- [           main] com.pi4j.context.impl.DefaultContext     : With Java version: Version: 21, runtime: 21+35-LTS, vendor: Eclipse Adoptium, vendor version: Temurin-21+35
2025-04-17T15:18:58.318+02:00  INFO 117293 --- [           main] com.pi4j.runtime.impl.DefaultRuntime     : Initializing Pi4J context/runtime...
2025-04-17T15:18:58.440+02:00  INFO 117293 --- [           main] com.pi4j.runtime.impl.DefaultRuntime     : Replacing provider I2C RaspberryPi I2C Provider with priority 0 with provider PiGpio I2C Provider with higher priority 100
2025-04-17T15:18:58.443+02:00  INFO 117293 --- [           main] com.pi4j.runtime.impl.DefaultRuntime     : Replacing provider PWM RaspberryPi PWM Provider with priority 0 with provider PiGpio PWM Provider with higher priority 100
2025-04-17T15:18:58.445+02:00  INFO 117293 --- [           main] com.pi4j.runtime.impl.DefaultRuntime     : Replacing provider DIGITAL_INPUT RaspberryPi Digital Input (GPIO) Provider with priority 0 with provider PiGpio Digital Input (GPIO) Provider with higher priority 100
2025-04-17T15:18:58.447+02:00  INFO 117293 --- [           main] com.pi4j.runtime.impl.DefaultRuntime     : Replacing provider SERIAL RaspberryPi Serial Provider with priority 0 with provider PiGpio Serial Provider with higher priority 100
2025-04-17T15:18:58.451+02:00  INFO 117293 --- [           main] com.pi4j.runtime.impl.DefaultRuntime     : Replacing provider SPI RaspberryPi SPI Provider with priority 0 with provider PiGpio SPI Provider with higher priority 100
2025-04-17T15:18:58.453+02:00  INFO 117293 --- [           main] com.pi4j.runtime.impl.DefaultRuntime     : Replacing provider DIGITAL_OUTPUT RaspberryPi Digital Output (GPIO) Provider with priority 0 with provider PiGpio Digital Output (GPIO) Provider with higher priority 100
2025-04-17T15:18:58.507+02:00  INFO 117293 --- [           main] com.pi4j.runtime.impl.DefaultRuntime     : Ignoring provider SPI LinuxFS SPI Provider with priority 50 as lower priority than PiGpio SPI Provider which has priority 100
2025-04-17T15:18:58.508+02:00  INFO 117293 --- [           main] com.pi4j.runtime.impl.DefaultRuntime     : Ignoring provider DIGITAL_INPUT LinuxFS Digital Input (GPIO) Provider with priority 50 as lower priority than PiGpio Digital Input (GPIO) Provider which has priority 100
2025-04-17T15:18:58.515+02:00  INFO 117293 --- [           main] com.pi4j.runtime.impl.DefaultRuntime     : Ignoring provider PWM LinuxFS PWM Provider with priority 50 as lower priority than PiGpio PWM Provider which has priority 100
2025-04-17T15:18:58.516+02:00  INFO 117293 --- [           main] com.pi4j.runtime.impl.DefaultRuntime     : Ignoring provider DIGITAL_OUTPUT LinuxFS Digital Output (GPIO) Provider with priority 50 as lower priority than PiGpio Digital Output (GPIO) Provider which has priority 100
2025-04-17T15:18:58.523+02:00  INFO 117293 --- [           main] com.pi4j.runtime.impl.DefaultRuntime     : Replacing provider I2C PiGpio I2C Provider with priority 100 with provider LinuxFS I2C Provider with higher priority 150
2025-04-17T15:18:58.551+02:00  INFO 117293 --- [           main] com.pi4j.runtime.impl.DefaultRuntime     : Replacing provider DIGITAL_OUTPUT PiGpio Digital Output (GPIO) Provider with priority 100 with provider GpioD Digital Output (GPIO) Provider with higher priority 150
2025-04-17T15:18:58.559+02:00  INFO 117293 --- [           main] com.pi4j.runtime.impl.DefaultRuntime     : Replacing provider DIGITAL_INPUT PiGpio Digital Input (GPIO) Provider with priority 100 with provider GpioD Digital Input (GPIO) Provider with higher priority 150
2025-04-17T15:18:59.000+02:00  INFO 117293 --- [           main] c.p.library.gpiod.internal.GpioDContext  : Using chip gpiochip0 pinctrl-bcm2711
2025-04-17T15:18:59.003+02:00  INFO 117293 --- [           main] c.p.library.gpiod.internal.GpioDContext  : GpioD context already initialized with chip: gpiochip0
2025-04-17T15:18:59.004+02:00  INFO 117293 --- [           main] c.p.p.impl.DefaultRuntimePlatforms       : adding platform to managed platform map [id=raspberrypi; name=RaspberryPi Platform; priority=5; class=com.pi4j.plugin.raspberrypi.platform.RaspberryPiPlatform]
2025-04-17T15:18:59.011+02:00  INFO 117293 --- [           main] com.pi4j.runtime.impl.DefaultRuntime     : Pi4J context/runtime successfully initialized.
2025-04-17T15:18:59.155+02:00  INFO 117293 --- [           main] com.pi4j.spring.boot.ContextTest         : Started ContextTest in 5.33 seconds (process running for 11.221)
]]></system-out>
    <system-err><![CDATA[Mockito is currently self-attaching to enable the inline-mock-maker. This will no longer work in future releases of the JDK. Please add Mockito as an agent to your build what is described in Mockito's documentation: https://javadoc.io/doc/org.mockito/mockito-core/latest/org/mockito/Mockito.html#0.3
WARNING: A Java agent has been loaded dynamically (/home/pi/.m2/repository/net/bytebuddy/byte-buddy-agent/1.15.11/byte-buddy-agent-1.15.11.jar)
WARNING: If a serviceability tool is in use, please run with -XX:+EnableDynamicAgentLoading to hide this warning
WARNING: If a serviceability tool is not in use, please run with -Djdk.instrument.traceUsage for more information
WARNING: Dynamic loading of agents will be disallowed by default in a future release
]]></system-err>
  </testcase>
  <testcase name="boardUnknownIfNotRunningOnPi" classname="com.pi4j.spring.boot.ContextTest" time="0.047">
    <failure message="expected: &lt;UNKNOWN&gt; but was: &lt;MODEL_4_B&gt;" type="org.opentest4j.AssertionFailedError"><![CDATA[org.opentest4j.AssertionFailedError: expected: <UNKNOWN> but was: <MODEL_4_B>
	at org.junit.jupiter.api.AssertionFailureBuilder.build(AssertionFailureBuilder.java:151)
	at org.junit.jupiter.api.AssertionFailureBuilder.buildAndThrow(AssertionFailureBuilder.java:132)
	at org.junit.jupiter.api.AssertEquals.failNotEqual(AssertEquals.java:197)
	at org.junit.jupiter.api.AssertEquals.assertEquals(AssertEquals.java:182)
	at org.junit.jupiter.api.AssertEquals.assertEquals(AssertEquals.java:177)
	at org.junit.jupiter.api.Assertions.assertEquals(Assertions.java:1145)
	at com.pi4j.spring.boot.ContextTest.boardUnknownIfNotRunningOnPi(ContextTest.java:31)
	at java.base/java.lang.reflect.Method.invoke(Method.java:580)
	at java.base/java.util.ArrayList.forEach(ArrayList.java:1596)
	at java.base/java.util.ArrayList.forEach(ArrayList.java:1596)
]]></failure>
  </testcase>
</testsuite>